 CI.ADO      34.55046  -117.43391   0.908 
 CI.ARV      35.12690  -118.83009   0.258 
 CI.BAK      35.34444  -119.10445   0.116 
 CI.BBR      34.26230  -116.92075   2.069 
 CI.BC3      33.65515  -115.45366   1.137 
 CI.BEL      34.00060  -115.99820   1.388 
 CI.BFS      34.23883  -117.65853   1.312 
 CI.CHF      34.33341  -118.02585   1.594 
 CI.CIA      33.40190  -118.41502   0.477 
 CI.CWC      36.43988  -118.08016   1.595 
 CI.DAN      34.63745  -115.38115   0.428 
 CI.DEC      34.25353  -118.33383   0.519 
 CI.DGR      33.65001  -117.00947   0.650 
 CI.DJJ      34.10618  -118.45505   0.268 
 CI.EDW2     34.88110  -117.99388   0.772 
 CI.FMP      33.71264  -118.29381   0.089 
 CI.FUR      36.46719  -116.86322  -0.038 
 CI.GLA      33.05149  -114.82706   0.610 
 CI.GMR      34.78457  -115.65994   1.326 
 CI.GRA      36.99608  -117.36621   0.689 
 CI.GSC      35.30177  -116.80574   1.000 
 CI.HEC      34.82940  -116.33500   0.920 
 CI.IKP      32.65012  -116.10948   0.906 
 CI.IRM      34.15738  -115.14513   0.567 
 CI.ISA      35.66278  -118.47403   0.873 
 CI.LGU      34.10819  -119.06587   0.416 
 CI.LRL      35.47954  -117.68212   1.340 
 CI.MLAC     37.63019  -118.83605   2.162 
 CI.MPM      36.05799  -117.48901   1.839 
 CI.MPP      34.88848  -119.81362   1.739 
 CI.MUR      33.59999  -117.19543   0.562 
 CI.MWC      34.22362  -118.05832   1.725 
 CI.NEE2     34.76759  -114.61881   0.271 
 CI.PASC     34.17141  -118.18523   0.341 
 CI.PDM      34.30336  -114.14152   0.144 
 CI.PLM      33.35361  -116.86265   1.691 
 CI.RCT      36.30523  -119.24384   0.107 
 CI.RPV      33.74346  -118.40412   0.107 
 CI.RRX      34.87533  -116.99684   0.439 
 CI.SBC      34.44076  -119.71492   0.094 
 CI.SCI2     32.97990  -118.54697   0.199 
 CI.SCZ2     33.99543  -119.63510   0.440 
 CI.SDD      33.55259  -117.66171   0.120 
 CI.SHO      35.89960  -116.27515   0.451 
 CI.SLA      35.89095  -117.28332   1.174 
 CI.SMM      35.31420  -119.99581   0.599 
 CI.SNCC     33.24787  -119.52437   0.275 
 CI.SVD      34.10647  -117.09822   0.605 
 CI.SWS      32.94508  -115.79988   0.140 
 CI.TIN      37.05422  -118.23009   1.197 
 CI.TUQ      35.43584  -115.92389   1.350 
 CI.USC      34.01919  -118.28631   0.058 
 CI.VES      35.84089  -119.08469   0.154 
 CI.VTV      34.56065  -117.32960   0.843 
 CN.BBB      52.18470  -128.11330   0.014 
 CN.FRB      63.74690   -68.54510   0.025 
 CN.INK      68.30650  -133.52541   0.044 
 CN.LLLB     50.60900  -121.88150   0.700 
 CN.RES      74.68920   -94.89620   0.019 
 CN.SADO     44.76940   -79.14170   0.243 
 CN.SCHQ     54.83240   -66.83320   0.497 
 CN.ULM      50.25030   -95.87500   0.251 
 CN.WHY      60.65970  -134.88060   1.292 
 IU.ANMO     34.94598  -106.45713   1.671 
 IU.BBSR     32.37130   -64.69630  -0.001 
 IU.COR      44.58550  -123.30460   0.110 
 IU.DWPF     28.11030   -81.43270  -0.132 
 IU.RSSD     44.12120  -104.03590   2.023 
 IU.TUC      32.30980  -110.78470   0.909 
 IU.WVT      36.12970   -87.83000   0.170 
 TA.109C     32.88890  -117.10510   0.150 
 TA.121A     32.53240  -107.78510   1.652 
 TA.136A     32.47460   -96.52970   0.113 
 TA.137A     32.59730   -95.75590   0.141 
 TA.138A     32.66040   -95.08870   0.143 
 TA.139A     32.67950   -94.39270   0.059 
 TA.140A     32.64080   -93.57400   0.056 
 TA.141A     32.60460   -92.90490   0.091 
 TA.142A     32.54880   -91.94570   0.023 
 TA.143A     32.70320   -91.40360   0.030 
 TA.144A     32.63040   -90.42260   0.078 
 TA.145A     32.60350   -89.92870   0.093 
 TA.146A     32.63680   -89.05730   0.164 
 TA.147A     32.67380   -88.27080   0.057 
 TA.148A     32.64690   -87.57100   0.063 
 TA.149A     32.59830   -86.79160   0.138 
 TA.150A     32.60670   -86.02200   0.145 
 TA.151A     32.52690   -85.32670   0.211 
 TA.214A     31.95590  -112.81150   0.543 
 TA.236A     31.99970   -96.53100   0.118 
 TA.237A     32.00150   -95.80840   0.126 
 TA.240A     32.03870   -93.76260   0.119 
 TA.241A     32.02270   -92.91880   0.059 
 TA.242A     32.06170   -92.15210   0.057 
 TA.243A     31.88030   -91.48270   0.002 
 TA.244A     32.04220   -90.68560   0.059 
 TA.245A     32.03220   -89.89580   0.104 
 TA.246A     32.01430   -89.12860   0.113 
 TA.247A     32.05300   -88.61020   0.109 
 TA.248A     32.09400   -87.73930   0.103 
 TA.249A     31.97520   -87.12250   0.066 
 TA.250A     31.97780   -86.26770   0.152 
 TA.251A     32.09290   -85.40900   0.139 
 TA.341A     31.33340   -93.16810   0.093 
 TA.342A     31.37470   -92.32490   0.037 
 TA.343A     31.28390   -91.61690   0.015 
 TA.344A     31.45270   -90.73180   0.078 
 TA.345A     31.30800   -90.03090   0.134 
 TA.346A     31.38760   -89.46490   0.091 
 TA.347A     31.40170   -88.54120   0.040 
 TA.348A     31.41290   -87.90230   0.057 
 TA.349A     31.35040   -87.19240   0.088 
 TA.350A     31.42070   -86.33530   0.109 
 TA.435B     30.78270   -97.58500   0.248 
 TA.441A     30.74980   -93.18980   0.053 
 TA.442A     30.71190   -92.43140   0.015 
 TA.443A     30.76420   -91.78090   0.010 
 TA.444A     30.71530   -90.74630   0.040 
 TA.445A     30.73030   -90.33800   0.051 
 TA.446A     30.79120   -89.36450   0.055 
 TA.447A     30.79520   -88.65420   0.034 
 TA.448A     30.93090   -87.86080   0.025 
 TA.449A     30.75960   -87.21510   0.057 
 TA.450A     30.80380   -86.58630   0.077 
 TA.541A     30.05960   -93.18750   0.000 
 TA.542A     30.12470   -92.55130  -0.001 
 TA.543A     30.08560   -91.85570   0.004 
 TA.544A     30.11000   -91.16120  -0.002 
 TA.545A     30.04410   -90.48940   0.003 
 TA.546A     30.23300   -89.71910   0.000 
 TA.645A     29.45730   -90.59660   0.001 
 TA.646A     29.58320   -89.82450   0.000 
 TA.833A     28.32360   -99.39390   0.171 
 TA.A04D     48.72010  -122.70630   0.013 
 TA.A31A     48.93200   -97.18880   0.244 
 TA.A32A     48.91720   -96.49350   0.322 
 TA.A33A     48.93710   -95.39040   0.329 
 TA.ABTX     32.62380   -99.64310   0.502 
 TA.B05D     48.26410  -122.09600   0.153 
 TA.B31A     48.42360   -97.64950   0.279 
 TA.B32A     48.39510   -96.53630   0.335 
 TA.B33A     48.27220   -95.58800   0.362 
 TA.B34A     48.48600   -94.65010   0.354 
 TA.B35A     48.36030   -93.72610   0.358 
 TA.BGNE     41.40830   -98.15020   0.573 
 TA.C06D     47.92290  -120.89430   0.544 
 TA.C31A     47.79270   -97.73360   0.384 
 TA.C32A     47.82550   -96.52810   0.286 
 TA.C33A     47.75860   -95.77250   0.388 
 TA.C34A     47.65010   -94.91060   0.441 
 TA.C35A     47.70070   -93.97630   0.426 
 TA.C36A     47.75800   -92.83780   0.410 
 TA.C37A     47.72830   -92.18530   0.447 
 TA.C38A     47.71710   -91.27320   0.498 
 TA.C39A     47.81710   -90.12890   0.341 
 TA.C40A     47.91540   -89.15140   0.216 
 TA.D03D     47.53470  -123.08940   0.262 
 TA.D04D     47.17860  -122.77230   0.037 
 TA.D31A     47.04810   -97.72260   0.359 
 TA.D32A     47.13540   -97.01640   0.280 
 TA.D33A     47.14040   -95.84480   0.466 
 TA.D34A     47.08510   -95.19520   0.476 
 TA.D35A     47.08100   -94.05290   0.427 
 TA.D36A     47.17650   -93.16450   0.434 
 TA.D37A     47.15810   -92.42620   0.413 
 TA.D41A     47.06050   -88.56570   0.271 
 TA.E04D     46.55660  -122.56730   0.204 
 TA.E31A     46.55830   -97.88790   0.427 
 TA.E32A     46.59270   -97.07010   0.297 
 TA.E33A     46.50350   -96.00540   0.428 
 TA.E34A     46.51360   -95.16910   0.430 
 TA.E35A     46.55720   -94.40430   0.409 
 TA.E36A     46.51770   -93.25570   0.393 
 TA.E37A     46.56580   -92.40000   0.304 
 TA.E38A     46.60580   -91.55420   0.341 
 TA.E39A     46.37770   -90.55570   0.426 
 TA.E40A     46.44460   -89.89910   0.472 
 TA.E41A     46.46430   -88.96360   0.377 
 TA.E42A     46.43010   -87.91400   0.475 
 TA.E43A     46.37580   -86.99540   0.303 
 TA.E44A     46.61990   -85.92140   0.282 
 TA.E45A     46.35630   -85.17740   0.251 
 TA.F04D     46.08290  -123.01080   0.236 
 TA.F05D     45.88520  -121.45970   0.472 
 TA.F31A     45.85980   -98.25250   0.412 
 TA.F32A     45.87050   -97.12640   0.371 
 TA.F33A     45.83980   -96.29290   0.313 
 TA.F34A     45.79540   -95.25810   0.419 
 TA.F35A     45.85800   -94.57340   0.376 
 TA.F36A     45.86180   -93.52410   0.345 
 TA.F37A     45.72430   -92.62640   0.296 
 TA.F38A     45.95880   -91.87750   0.321 
 TA.F39A     45.91530   -90.91900   0.440 
 TA.F40A     45.91900   -90.12170   0.486 
 TA.F41A     45.73870   -89.10460   0.509 
 TA.F42A     45.75870   -88.13470   0.358 
 TA.F43A     45.83130   -87.16940   0.233 
 TA.F44A     45.97370   -86.42260   0.234 
 TA.F45A     45.68370   -85.51560   0.173 
 TA.F46A     45.77370   -84.75860   0.198 
 TA.G03D     45.21150  -123.26410   0.222 
 TA.G05D     45.24220  -121.31670   0.592 
 TA.G31A     45.22540   -98.20830   0.393 
 TA.G32A     45.25550   -97.49940   0.566 
 TA.G33A     45.19460   -96.43830   0.338 
 TA.G34A     45.24190   -95.63800   0.316 
 TA.G35A     45.21990   -94.48550   0.361 
 TA.G36A     45.23440   -93.75090   0.293 
 TA.G38A     45.16930   -91.85490   0.370 
 TA.G39A     45.28670   -91.16980   0.350 
 TA.G40A     45.26840   -90.20060   0.472 
 TA.G41A     45.21180   -89.18160   0.464 
 TA.G42A     45.24180   -88.42770   0.315 
 TA.G43A     45.25720   -87.68610   0.213 
 TA.H04D     44.52340  -122.73770   0.284 
 TA.H17A     44.39510  -110.57620   2.400 
 TA.H31A     44.47950   -98.47720   0.415 
 TA.H32A     44.50410   -97.43630   0.573 
 TA.H33A     44.68120   -96.74340   0.584 
 TA.H34A     44.66730   -95.77700   0.329 
 TA.H35A     44.69850   -94.83110   0.345 
 TA.H36A     44.57750   -93.92810   0.311 
 TA.H37A     44.58120   -92.91810   0.321 
 TA.H38A     44.67530   -92.28200   0.333 
 TA.H39A     44.67970   -91.28330   0.345 
 TA.H40A     44.62200   -90.39050   0.372 
 TA.H41A     44.61640   -89.65340   0.348 
 TA.H42A     44.50910   -88.53110   0.244 
 TA.H43A     44.46970   -87.77040   0.274 
 TA.I02D     44.10590  -123.84690   0.109 
 TA.I03D     43.69720  -123.34870   0.140 
 TA.I04A     43.79410  -122.41130   0.731 
 TA.I05D     44.33860  -121.33950   0.811 
 TA.I31A     44.02970   -98.53520   0.469 
 TA.I32A     44.02710   -97.46430   0.493 
 TA.I33A     44.04750   -96.79890   0.509 
 TA.I34A     44.03920   -95.86000   0.509 
 TA.I35A     43.85650   -94.98290   0.428 
 TA.I36A     44.01910   -94.01430   0.307 
 TA.I37A     44.01480   -93.40030   0.371 
 TA.I38A     44.04050   -92.33060   0.390 
 TA.I39A     43.85430   -91.52310   0.393 
 TA.I40A     43.89160   -90.61770   0.419 
 TA.I41A     44.05920   -89.86970   0.289 
 TA.I42A     43.89080   -88.91340   0.298 
 TA.I43A     43.88440   -88.14600   0.299 
 TA.J01D     43.16140  -123.93140   0.131 
 TA.J04D     43.24050  -122.10930   1.948 
 TA.J05D     43.28480  -121.23470   1.541 
 TA.J31A     43.29150   -98.73960   0.491 
 TA.J32A     43.37190   -97.84760   0.399 
 TA.J33A     43.31850   -96.96670   0.400 
 TA.J34A     43.28440   -95.95790   0.432 
 TA.J35A     43.36550   -95.20780   0.457 
 TA.J36A     43.32920   -94.33950   0.370 
 TA.J37A     43.31030   -93.55270   0.385 
 TA.J38A     43.31900   -92.47550   0.371 
 TA.J39A     43.33540   -91.70620   0.350 
 TA.J40A     43.39650   -90.74060   0.353 
 TA.J41A     43.36550   -90.01370   0.360 
 TA.J42A     43.31790   -89.12340   0.313 
 TA.J43A     43.38080   -88.41850   0.322 
 TA.K02D     42.69550  -123.66540   0.989 
 TA.K04D     42.62460  -121.75350   1.315 
 TA.K22A     42.65070  -106.52400   1.686 
 TA.K31A     42.62290   -98.75460   0.580 
 TA.K32A     42.65970   -97.97230   0.512 
 TA.K33A     42.60520   -97.00120   0.507 
 TA.K34A     42.68650   -96.09570   0.436 
 TA.K35A     42.72180   -95.23280   0.439 
 TA.K36A     42.63810   -94.45070   0.364 
 TA.K37A     42.76690   -93.63880   0.365 
 TA.K38A     42.64720   -92.77090   0.306 
 TA.K39A     42.70500   -91.88780   0.332 
 TA.K40A     42.69990   -91.13830   0.274 
 TA.K41A     42.60710   -90.30460   0.298 
 TA.K42A     42.77920   -89.34570   0.302 
 TA.K43A     42.70440   -88.33200   0.264 
 TA.KMSC     35.14200   -81.33330   0.240 
 TA.KSCO     39.01120  -102.62730   1.382 
 TA.L02D     42.15780  -123.60310   0.458 
 TA.L04D     42.21800  -122.30460   1.437 
 TA.L32A     42.00450   -98.00800   0.586 
 TA.L33A     42.16590   -97.27240   0.556 
 TA.L34A     41.96660   -96.37620   0.424 
 TA.L35A     42.11230   -95.54480   0.410 
 TA.L36A     42.10090   -94.66760   0.353 
 TA.L37A     42.12460   -93.75460   0.312 
 TA.L38A     42.14100   -92.95970   0.300 
 TA.L39A     42.12340   -92.00070   0.261 
 TA.L40A     42.06280   -91.22180   0.242 
 TA.L41A     42.07510   -90.49770   0.238 
 TA.L42A     42.00400   -89.66700   0.257 
 TA.L43A     42.18330   -88.74230   0.266 
 TA.L44A     42.17820   -87.91190   0.202 
 TA.M02C     41.39200  -122.85380   0.960 
 TA.M04C     41.78260  -121.83930   1.391 
 TA.M33A     41.57260   -97.19500   0.503 
 TA.M34A     41.50250   -96.58300   0.415 
 TA.M35A     41.46650   -95.69450   0.363 
 TA.M36A     41.45370   -94.80210   0.430 
 TA.M37A     41.40280   -94.05750   0.325 
 TA.M38A     41.41750   -93.19650   0.258 
 TA.M39A     41.47860   -92.17250   0.264 
 TA.M40A     41.40600   -91.51210   0.223 
 TA.M41A     41.37500   -90.54220   0.226 
 TA.M42A     41.45460   -89.75810   0.212 
 TA.M43A     41.43650   -88.95810   0.190 
 TA.M44A     41.38820   -88.04320   0.207 
 TA.M45A     41.38810   -87.25040   0.216 
 TA.M46A     41.40790   -86.35240   0.242 
 TA.M54A     41.50790   -79.66470   0.488 
 TA.MDND     47.84810   -99.60290   0.479 
 TA.MSTX     33.96960  -102.77240   1.167 
 TA.N02D     40.97400  -122.70500   0.937 
 TA.N23A     40.89470  -105.94400   2.458 
 TA.N33A     40.73840   -97.45060   0.475 
 TA.N34A     40.83780   -96.50050   0.401 
 TA.N35A     40.86120   -95.64250   0.353 
 TA.N36A     40.81560   -94.96040   0.349 
 TA.N37A     40.75820   -94.20950   0.351 
 TA.N38A     40.79310   -93.23500   0.317 
 TA.N39A     40.87760   -92.50230   0.260 
 TA.N40A     40.88410   -91.58370   0.208 
 TA.N41A     40.70770   -90.85520   0.226 
 TA.N42A     40.82900   -90.03450   0.205 
 TA.N43A     40.93940   -89.17350   0.215 
 TA.N44A     40.79530   -88.13330   0.202 
 TA.N45A     40.84790   -87.51180   0.206 
 TA.N46A     40.89490   -86.73520   0.209 
 TA.N54A     40.96170   -79.98920   0.408 
 TA.N59A     40.91680   -75.77030   0.508 
 TA.O02D     40.17660  -122.78840   0.965 
 TA.O03D     40.29470  -121.80180   0.968 
 TA.O33A     40.07550   -97.58450   0.480 
 TA.O34A     40.18310   -96.69360   0.409 
 TA.O35A     40.26650   -95.90970   0.342 
 TA.O36A     40.13150   -94.96450   0.306 
 TA.O37A     40.16640   -94.14610   0.284 
 TA.O38A     40.12150   -93.47310   0.266 
 TA.O39A     40.25440   -92.54380   0.282 
 TA.O40A     40.12120   -91.87400   0.206 
 TA.O41A     40.11560   -90.88200   0.203 
 TA.O42A     40.19560   -90.08120   0.155 
 TA.O43A     40.28560   -89.31300   0.224 
 TA.O44A     40.15260   -88.46710   0.213 
 TA.O45A     40.24890   -87.72440   0.208 
 TA.O47A     40.23610   -86.17420   0.278 
 TA.O56A     40.26830   -78.56630   0.684 
 TA.P34A     39.54710   -96.82680   0.429 
 TA.P35A     39.52860   -96.01880   0.418 
 TA.P36A     39.62040   -95.20600   0.313 
 TA.P37A     39.58820   -94.34910   0.300 
 TA.P38A     39.62480   -93.53210   0.248 
 TA.P39B     39.48760   -92.75410   0.226 
 TA.P40A     39.52990   -92.04830   0.225 
 TA.P41A     39.67500   -91.06190   0.215 
 TA.P42A     39.58530   -90.34430   0.197 
 TA.P43A     39.64090   -89.52130   0.176 
 TA.P44A     39.46760   -88.62090   0.195 
 TA.P45A     39.52770   -87.74390   0.193 
 TA.P46A     39.61780   -87.20670   0.194 
 TA.P47A     39.48690   -86.26990   0.246 
 TA.Q24A     38.96410  -105.14920   2.775 
 TA.Q34A     38.92140   -96.94080   0.378 
 TA.Q35A     38.85860   -96.03680   0.402 
 TA.Q36A     38.96120   -95.46090   0.306 
 TA.Q37A     38.87630   -94.45220   0.297 
 TA.Q38A     38.96090   -93.61820   0.228 
 TA.Q39A     39.04550   -92.97590   0.225 
 TA.Q40A     38.99460   -92.07480   0.275 
 TA.Q41A     38.95390   -91.23170   0.191 
 TA.Q42A     38.91200   -90.53310   0.175 
 TA.Q43A     38.94100   -89.69910   0.202 
 TA.Q44A     38.90320   -89.01700   0.164 
 TA.Q45A     38.89480   -88.15650   0.162 
 TA.Q46A     39.02310   -87.35750   0.164 
 TA.Q47A     38.93620   -86.42610   0.230 
 TA.R11A     38.34890  -115.58540   1.756 
 TA.R34A     38.30080   -97.24700   0.437 
 TA.R35A     38.32310   -96.19880   0.365 
 TA.R36A     38.32370   -95.50400   0.354 
 TA.R37A     38.31330   -94.82940   0.298 
 TA.R38A     38.18680   -93.90560   0.237 
 TA.R39A     38.31380   -93.03830   0.290 
 TA.R40A     38.29090   -92.26840   0.213 
 TA.R41A     38.29760   -91.37950   0.257 
 TA.R42A     38.28040   -90.79440   0.218 
 TA.R43A     38.27600   -89.93080   0.186 
 TA.R44A     38.24750   -89.08090   0.144 
 TA.R45A     38.29260   -88.28120   0.143 
 TA.R46A     38.21240   -87.51140   0.164 
 TA.R47A     38.29570   -86.52700   0.181 
 TA.R48A     38.40010   -85.87140   0.243 
 TA.S22A     37.74610  -106.82930   2.626 
 TA.S34A     37.70090   -97.11110   0.373 
 TA.S35A     37.68210   -96.31900   0.334 
 TA.S36A     37.72400   -95.59230   0.299 
 TA.S37A     37.75970   -94.82790   0.260 
 TA.S38A     37.63040   -93.90780   0.294 
 TA.S39A     37.69100   -93.32260   0.331 
 TA.S40A     37.59880   -92.50140   0.336 
 TA.S41A     37.58770   -91.74580   0.376 
 TA.S42A     37.77000   -90.79390   0.315 
 TA.S43A     37.57160   -90.07540   0.263 
 TA.S44A     37.69360   -89.25510   0.155 
 TA.S45A     37.67740   -88.58040   0.122 
 TA.S46A     37.68490   -87.71530   0.125 
 TA.S48A     37.65740   -86.05690   0.238 
 TA.SFIN     40.37900   -87.09670   0.165 
 TA.SPMN     45.22460   -92.80370   0.311 
 TA.SUSD     44.44290   -98.95560   0.520 
 TA.T25A     37.13880  -104.41080   2.017 
 TA.T34A     37.02220   -97.18830   0.361 
 TA.T35A     36.91610   -96.51210   0.401 
 TA.T36A     37.06050   -95.87890   0.243 
 TA.T37A     37.12300   -94.91760   0.256 
 TA.T38A     37.03540   -94.29300   0.349 
 TA.T39A     37.02410   -93.37740   0.366 
 TA.T40A     37.15040   -92.51930   0.399 
 TA.T41A     37.04360   -91.76360   0.366 
 TA.T42A     37.03010   -91.09270   0.162 
 TA.T43A     37.08330   -90.28780   0.167 
 TA.T44A     37.08600   -89.58960   0.133 
 TA.T45A     37.01960   -88.64470   0.119 
 TA.T46A     37.04170   -87.89410   0.169 
 TA.T47A     36.98810   -87.10550   0.217 
 TA.T48A     37.10940   -86.39430   0.218 
 TA.TIGA     31.43890   -83.58980   0.109 
 TA.TPFO     33.60600  -116.45440   1.275 
 TA.TUL1     35.91040   -95.79190   0.256 
 TA.U32A     36.37950   -99.00140   0.525 
 TA.U35A     36.37090   -96.73180   0.303 
 TA.U36A     36.39270   -95.73250   0.187 
 TA.U37A     36.40600   -95.11610   0.248 
 TA.U38A     36.43940   -94.38570   0.389 
 TA.U39A     36.38230   -93.48050   0.433 
 TA.U40A     36.35630   -92.85350   0.374 
 TA.U41A     36.34400   -91.92030   0.300 
 TA.U42A     36.35140   -91.23830   0.119 
 TA.U43A     36.36930   -90.40570   0.096 
 TA.U44A     36.50470   -89.68630   0.089 
 TA.U44B     36.33910   -89.35070   0.136 
 TA.U45A     36.34810   -88.76350   0.144 
 TA.U46A     36.35900   -88.17730   0.146 
 TA.U47A     36.44130   -87.28920   0.145 
 TA.U48A     36.51070   -86.54020   0.268 
 TA.V35A     35.76260   -96.83780   0.280 
 TA.V36A     35.78630   -95.94250   0.236 
 TA.V37A     35.88300   -95.14100   0.219 
 TA.V38A     35.86260   -94.40770   0.372 
 TA.V39A     35.83890   -93.64500   0.744 
 TA.V40A     35.80440   -92.82320   0.570 
 TA.V41A     35.78510   -92.15540   0.413 
 TA.V42A     35.80600   -91.39000   0.134 
 TA.V43A     35.78570   -90.54430   0.074 
 TA.V44A     35.82820   -89.89540   0.078 
 TA.V45A     35.74030   -88.95910   0.126 
 TA.V46A     35.80070   -88.11770   0.162 
 TA.V47A     35.82780   -87.52050   0.240 
 TA.V48A     35.74000   -86.82190   0.278 
 TA.W18A     35.11810  -109.73570   1.750 
 TA.W35A     35.15270   -96.87450   0.322 
 TA.W36A     35.13930   -96.22640   0.251 
 TA.W37B     35.13900   -95.43160   0.279 
 TA.W38A     35.07040   -94.51840   0.169 
 TA.W39A     35.19600   -93.78400   0.162 
 TA.W40A     35.19230   -93.06930   0.108 
 TA.W41B     35.17360   -92.24790   0.095 
 TA.W42A     35.27320   -91.52240   0.071 
 TA.W43A     35.08770   -90.70610   0.070 
 TA.W44A     35.13950   -89.81610   0.101 
 TA.W45A     35.15680   -89.18600   0.187 
 TA.W46A     35.13330   -88.37830   0.145 
 TA.W47A     35.25110   -87.59460   0.293 
 TA.W48A     35.13860   -86.93330   0.260 
 TA.WHTX     31.99130   -97.45610   0.190 
 TA.X35A     34.39950   -96.97310   0.300 
 TA.X36A     34.57040   -96.35200   0.211 
 TA.X37A     34.58920   -95.37130   0.207 
 TA.X38A     34.66920   -94.82880   0.234 
 TA.X39A     34.51050   -94.11380   0.326 
 TA.X40A     34.48730   -92.83420   0.158 
 TA.X41A     34.49490   -92.51370   0.102 
 TA.X42A     34.55320   -91.62620   0.062 
 TA.X43A     34.51800   -90.88120   0.053 
 TA.X44A     34.49980   -90.14620   0.109 
 TA.X45A     34.42410   -89.39310   0.142 
 TA.X46A     34.55640   -88.58440   0.150 
 TA.X47A     34.51780   -87.85710   0.212 
 TA.X48A     34.45170   -87.04520   0.180 
 TA.X49A     34.51260   -86.32600   0.182 
 TA.X50A     34.45960   -85.64860   0.489 
 TA.Y12C     33.75030  -114.52380   0.196 
 TA.Y22D     34.07390  -106.92100   1.436 
 TA.Y22E     34.07420  -106.92080   1.444 
 TA.Y35A     33.90590   -97.03740   0.214 
 TA.Y36A     33.89960   -96.28480   0.186 
 TA.Y37A     33.97890   -95.62100   0.165 
 TA.Y38A     33.92780   -94.73110   0.118 
 TA.Y39A     33.93800   -94.09360   0.108 
 TA.Y40A     34.01240   -93.27980   0.117 
 TA.Y41A     33.88070   -92.61130   0.099 
 TA.Y42A     33.83640   -91.78710   0.077 
 TA.Y43A     33.91210   -90.92850   0.046 
 TA.Y44A     33.96180   -90.21120   0.046 
 TA.Y45A     33.86560   -89.54310   0.106 
 TA.Y46A     33.88280   -88.85770   0.109 
 TA.Y47A     33.90250   -87.84940   0.160 
 TA.Y48A     33.91310   -87.16960   0.170 
 TA.Y49A     33.85770   -86.41190   0.362 
 TA.Y50A     33.89110   -85.73470   0.248 
 TA.Z36A     33.27020   -96.43440   0.187 
 TA.Z37A     33.19810   -95.62290   0.146 
 TA.Z38A     33.25990   -94.98510   0.116 
 TA.Z39A     33.24180   -94.18220   0.112 
 TA.Z40A     33.25840   -93.39950   0.078 
 TA.Z41A     33.25770   -92.80300   0.062 
 TA.Z42A     33.27390   -91.94740   0.039 
 TA.Z43A     33.21000   -91.24410   0.039 
 TA.Z44A     33.27730   -90.43220   0.039 
 TA.Z45A     33.37050   -89.69130   0.113 
 TA.Z46A     33.19330   -88.94140   0.125 
 TA.Z47A     33.19900   -88.06960   0.065 
 TA.Z48A     33.37640   -87.55560   0.101 
 TA.Z49A     33.19420   -86.53110   0.134 
 TA.Z50A     33.25400   -85.92260   0.370 
 US.AAM      42.30120   -83.65670   0.172 
 US.ACSO     40.23190   -82.98200   0.288 
 US.AGMN     48.29770   -95.86190   0.351 
 US.AHID     42.76540  -111.10040   1.960 
 US.AMTX     34.88370  -101.68080   1.010 
 US.BINY     42.19930   -75.98610   0.498 
 US.BLA      37.21130   -80.42049   0.634 
 US.BMO      44.85250  -117.30600   1.154 
 US.BOZ      45.59697  -111.62967   1.589 
 US.BRAL     31.16870   -87.05060   0.061 
 US.BW06     42.76670  -109.55830   2.224 
 US.CBKS     38.81400   -99.73740   0.677 
 US.CBN      38.20460   -77.37320   0.070 
 US.CNNC     35.23930   -77.89010   0.029 
 US.COWI     46.10030   -89.13690   0.523 
 US.DUG      40.19500  -112.81330   1.477 
 US.EGMT     48.02400  -109.75470   1.055 
 US.ERPA     42.11750   -79.98910   0.306 
 US.GLMI     44.82450   -84.61750   0.387 
 US.HAWA     46.39250  -119.53270   0.364 
 US.HDIL     40.55590   -89.29400   0.219 
 US.HLID     43.56250  -114.41380   1.772 
 US.ISCO     39.79970  -105.61340   2.743 
 US.JCT      30.47940   -99.80220   0.591 
 US.KVTX     27.54590   -97.89290   0.015 
 US.LAO      46.68850  -106.22310   0.902 
 US.LBNH     44.24010   -71.92590   0.367 
 US.LKWY     44.56520  -110.40000   2.424 
 US.LONY     44.61970   -74.58290   0.440 
 US.LRAL     33.03480   -86.99780   0.130 
 US.MCWV     39.65810   -79.84560   0.280 
 US.MIAR     34.54540   -93.57650   0.207 
 US.MNTX     31.69850  -105.38210   0.405 
 US.MSO      46.82920  -113.94060   1.264 
 US.MVCO     37.21030  -108.49860   2.170 
 US.NATX     31.75980   -94.66100   0.168 
 US.NHSC     33.10670   -80.17780   0.011 
 US.NLWA     47.39170  -123.86910   0.640 
 US.OGNE     40.94510  -102.03300   1.054 
 US.OXF      34.51180   -89.40920   0.101 
 US.PKME     45.26440   -69.29170   0.108 
 US.RLMT     45.12210  -109.26730   2.086 
 US.SCIA     41.90690   -93.21530   0.311 
 US.SDCO     37.74560  -105.50120   2.569 
 US.TPNV     36.94880  -116.24950   1.600 
 US.TZTN     36.54390   -83.54900   0.394 
 US.VBMS     32.21851   -90.51767   0.016 
 US.WRAK     56.41910  -132.34660   0.081 
 US.WUAZ     35.51690  -111.37390   1.592 
 US.WVOR     42.43390  -118.63670   1.344 
